<?xml version="1.0" encoding="UTF-8"?>
<!-- Generated by org.testng.reporters.JUnitReportReporter -->
<testsuite skipped="0" hostname="NAVEEN" name="E2EProject.Homepage" tests="1" failures="0" timestamp="2021-05-17T14:48:48 IST" time="7.270" errors="0">
  <testcase name="basePageNavigation" time="7.270" classname="E2EProject.Homepage"/>
  <system-out/>
</testsuite> <!-- E2EProject.Homepage -->
