<?xml version="1.0" encoding="UTF-8"?>
<!-- Generated by org.testng.reporters.JUnitReportReporter -->
<testsuite skipped="0" hostname="NAVEEN" name="academy.ValidateContactBar" tests="1" failures="0" timestamp="2021-05-18T14:45:00 IST" time="0.091" errors="0">
  <testcase name="basePageNavigation" time="0.091" classname="academy.ValidateContactBar"/>
  <system-out/>
</testsuite> <!-- academy.ValidateContactBar -->
