<?xml version="1.0" encoding="UTF-8"?>
<!-- Generated by org.testng.reporters.JUnitReportReporter -->
<testsuite skipped="0" hostname="NAVEEN" name="academy.Homepage" tests="2" failures="0" timestamp="2021-05-18T14:45:00 IST" time="5.054" errors="0">
  <testcase name="basePageNavigation" time="1.917" classname="academy.Homepage"/>
  <system-out/>
  <testcase name="basePageNavigation" time="3.137" classname="academy.Homepage"/>
  <system-out/>
</testsuite> <!-- academy.Homepage -->
