<?xml version="1.0" encoding="UTF-8"?>
<!-- Generated by org.testng.reporters.JUnitReportReporter -->
<testsuite skipped="0" hostname="NAVEEN" name="academy.Homepage" tests="2" failures="0" timestamp="2021-05-18T12:52:48 IST" time="11.067" errors="0">
  <testcase name="basePageNavigation" time="4.467" classname="academy.Homepage"/>
  <system-out/>
  <testcase name="basePageNavigation" time="6.600" classname="academy.Homepage"/>
  <system-out/>
</testsuite> <!-- academy.Homepage -->
