<?xml version="1.0" encoding="UTF-8"?>
<!-- Generated by org.testng.reporters.JUnitReportReporter -->
<testsuite skipped="0" hostname="NAVEEN" name="academy.ValidateTitle" tests="1" failures="0" timestamp="2021-05-18T12:52:48 IST" time="0.066" errors="0">
  <testcase name="basePageNavigation" time="0.066" classname="academy.ValidateTitle"/>
  <system-out/>
</testsuite> <!-- academy.ValidateTitle -->
